<?xml version="1.0" encoding="UTF-8"?>
<!-- Generated by org.testng.reporters.JUnitReportReporter -->
<testsuite skipped="0" hostname="LENOVO-PC" name="com.abc.testngprog.CrossBrowserDemo" tests="1" failures="0" timestamp="2020-02-27T14:51:13 IST" time="63.172" errors="0">
  <testcase name="testcase1" time="63.172" classname="com.abc.testngprog.CrossBrowserDemo"/>
</testsuite> <!-- com.abc.testngprog.CrossBrowserDemo -->
