<?xml version="1.0" encoding="UTF-8"?>
<!-- Generated by org.testng.reporters.JUnitReportReporter -->
<testsuite skipped="0" hostname="LENOVO-PC" name="com.abc.testngprog.ParameterizationDemo" tests="1" failures="0" timestamp="2020-02-26T15:11:55 IST" time="26.879" errors="0">
  <testcase name="testcase1" time="26.879" classname="com.abc.testngprog.ParameterizationDemo"/>
</testsuite> <!-- com.abc.testngprog.ParameterizationDemo -->
