<?xml version="1.0" encoding="UTF-8"?>
<!-- Generated by org.testng.reporters.JUnitReportReporter -->
<testsuite skipped="0" hostname="LENOVO-PC" name="com.abc.testngprog.BeforeAfterMethod" tests="2" failures="0" timestamp="2020-02-26T14:03:56 IST" time="0.016" errors="0">
  <testcase name="testcase1" time="0.016" classname="com.abc.testngprog.BeforeAfterMethod"/>
  <testcase name="testcase2" time="0.000" classname="com.abc.testngprog.BeforeAfterMethod"/>
</testsuite> <!-- com.abc.testngprog.BeforeAfterMethod -->
