<?xml version="1.0" encoding="UTF-8"?>
<!-- Generated by org.testng.reporters.JUnitReportReporter -->
<testsuite skipped="0" hostname="LENOVO-PC" name="com.abc.testngprog.Testcases" tests="2" failures="0" timestamp="2020-02-20T14:42:08 IST" time="44.371" errors="0">
  <testcase name="NegetiveTestcase" time="21.082" classname="com.abc.testngprog.Testcases"/>
  <testcase name="PositiveTestcase" time="23.289" classname="com.abc.testngprog.Testcases"/>
</testsuite> <!-- com.abc.testngprog.Testcases -->
