<?xml version="1.0" encoding="UTF-8"?>
<!-- Generated by org.testng.reporters.JUnitReportReporter -->
<testsuite skipped="0" hostname="LENOVO-PC" name="com.abc.testngprog.BeforeandAfteronMegento" tests="3" failures="0" timestamp="2020-02-24T14:21:30 IST" time="61.319" errors="0">
  <testcase name="PositiveTestcase" time="24.610" classname="com.abc.testngprog.BeforeandAfteronMegento"/>
  <testcase name="NegetiveTestcase" time="19.655" classname="com.abc.testngprog.BeforeandAfteronMegento"/>
  <testcase name="registerTestcase" time="17.054" classname="com.abc.testngprog.BeforeandAfteronMegento"/>
</testsuite> <!-- com.abc.testngprog.BeforeandAfteronMegento -->
