<?xml version="1.0" encoding="UTF-8"?>
<!-- Generated by org.testng.reporters.JUnitReportReporter -->
<testsuite skipped="0" hostname="LENOVO-PC" name="com.abc.testngprog.BeforeAfter" tests="2" failures="0" timestamp="2020-02-24T11:46:16 IST" time="65.645" errors="0">
  <testcase name="NegetiveTestcase" time="32.439" classname="com.abc.testngprog.BeforeAfter"/>
  <testcase name="PositiveTestcase" time="33.206" classname="com.abc.testngprog.BeforeAfter"/>
</testsuite> <!-- com.abc.testngprog.BeforeAfter -->
