<?xml version="1.0" encoding="UTF-8"?>
<!-- Generated by org.testng.reporters.JUnitReportReporter -->
<testsuite skipped="0" hostname="LENOVO-PC" name="com.abc.testngprog.Testngpriorities" tests="3" failures="0" timestamp="2020-02-25T15:01:39 IST" time="0.031" errors="0">
  <testcase name="aMethod" time="0.031" classname="com.abc.testngprog.Testngpriorities"/>
  <testcase name="bMethod" time="0.000" classname="com.abc.testngprog.Testngpriorities"/>
  <testcase name="dMethod" time="0.000" classname="com.abc.testngprog.Testngpriorities"/>
</testsuite> <!-- com.abc.testngprog.Testngpriorities -->
